make all --print-data-base --no-builtin-variables --no-builtin-rules --question
# GNU Make 3.81
# Copyright (C) 2006  Free Software Foundation, Inc.
# This is free software; see the source for copying conditions.
# There is NO warranty; not even for MERCHANTABILITY or FITNESS FOR A
# PARTICULAR PURPOSE.

# This program built for i386-apple-darwin11.3.0
 

# Make data base, printed on Sat Oct  8 10:52:01 2022

# Variables

# automatic
<D = $(patsubst %/,%,$(dir $<))
# automatic
?F = $(notdir $?)
# environment
BULLETTRAIN_GIT_BG = #FFE3E3
# automatic
?D = $(patsubst %/,%,$(dir $?))
# environment
PLATFORMIO_IDE = 2.5.4
# automatic
@D = $(patsubst %/,%,$(dir $@))
# automatic
 
@F = $(notdir $@)
# makefile
CURDIR := /Users/linqiankai/go/src/github.com/Kotodian/nbio
# makefile
SHELL = /bin/sh
# makefile (from `Makefile', line 1)
GO = go
# environment
VSCODE_NLS_CONFIG = {"locale":"en-us","availableLanguages":{},"_languagePackSupport":true}
# environment
_ = /usr/bin/make
# makefile (from `Makefile', line 1)
MAKEFILE_LIST :=  Makefile
# environment
VSCODE_AMD_ENTRYPOINT = vs/workbench/api/node/extensionHostProcess
# environment
__CFBundleIdentifier = com.microsoft.VSCode
# environment
INFOPATH = /opt/homebrew/share/info:
# environment
VSCODE_CWD = /
# environment
GOPROXY = https://goproxy.cn
# environment
NO_PROXY = 127.0.0.1
# environment
GOROOT = /Users/linqiankai/goroot/go1.19
# environment
LSCOLORS = Gxfxcxdxbxegedabagacad
# environment
BULLETTRAIN_DIR_BG = #628395
# environment
BULLETTRAIN_DIR_EXTENDED = 2
# environment
PROTOBUF = /usr/local/protobuf
# environment
GOPATH = /Users/linqiankai/go
# environment
ELECTRON_RUN_AS_NODE = 1
# default
.FEATURES := target-specific order-only second-expansion else-if archives jobserver check-symlink
# environment
SSH_AUTH_SOCK = /private/tmp/com.apple.launchd.oAwuGXZ933/Listeners
# automatic
%F = $(notdir $%)
# environment
PWD = /Users/linqiankai/go/src/github.com/Kotodian/nbio
# environment
HOMEBREW_CELLAR = /opt/homebrew/Cellar
# environment
ORIGINAL_XDG_CURRENT_DESKTOP = undefined
# environment
MANPATH = /opt/homebrew/share/man::
# environment
GOMODCACHE = /Users/linqiankai/go/pkg/mod
# environment
HOME = /Users/linqiankai
# default
MAKEFILEPATH = $(shell /usr/bin/xcode-select -print-path 2>/dev/null || echo /Developer)/Makefiles
# environment
VSCODE_CODE_CACHE_PATH = /Users/linqiankai/Library/Application Support/Code/CachedData/74b1f979648cc44d385a2286793c226e611f59e7
# environment
LOGNAME = linqiankai
# environment
APPLICATION_INSIGHTS_NO_DIAGNOSTIC_CHANNEL = 1
# environment
ZSH = /Users/linqiankai/.oh-my-zsh
# environment
VSCODE_HANDLES_UNCAUGHT_ERRORS = true
# automatic
^D = $(patsubst %/,%,$(dir $^))
# environment
PLATFORMIO_PATH = /Users/linqiankai/.platformio/python3/bin:/Users/linqiankai/goroot/go1.19/bin:/usr/local/protobuf/bin:/opt/homebrew/bin:/opt/homebrew/sbin:/usr/local/bin:/usr/bin:/bin:/usr/sbin:/sbin:/usr/local/go/bin:/Users/linqiankai/.cargo/bin:/usr/local/mysql/bin:/Users/linqiankai/.local/bin/Users/linqiankai/goroot/go1.19/bin:/Users/linqiankai/go/bin
# default
MAKE = $(MAKE_COMMAND)
# default
MAKECMDGOALS := all
# environment
PATH = /Users/linqiankai/goroot/go1.19/bin:/usr/local/protobuf/bin:/opt/homebrew/bin:/opt/homebrew/sbin:/usr/local/bin:/usr/bin:/bin:/usr/sbin:/sbin:/usr/local/go/bin:/Users/linqiankai/.cargo/bin:/usr/local/mysql/bin:/Users/linqiankai/.local/bin/Users/linqiankai/goroot/go1.19/bin:/Users/linqiankai/go/bin
# environment
SHLVL = 1
# environment
XPC_FLAGS = 0x0
# default
MAKE_VERSION := 3.81
# environment
USER = linqiankai
# makefile
.DEFAULT_GOAL := all
# environment
HOMEBREW_BOTTLE_DOMAIN = 
# environment
LESS = -R
# automatic
%D = $(patsubst %/,%,$(dir $%))
# makefile (from `Makefile', line 2)
PACKAGE_DIRS = $(shell $(GO) list -f '{{ .Dir }}' ./...|grep -v 'lesismal/nbio/examples')
# environment
BULLETTRAIN_PROMPT_SEPARATE_LINE = false
# default
MAKE_COMMAND := /Library/Developer/CommandLineTools/usr/bin/make
# default
.VARIABLES := 
# environment
TMPDIR = /var/folders/yc/59w6f9ld2cxf6cxm22p63yz00000gn/T/
# automatic
*F = $(notdir $*)
# environment
VSCODE_IPC_HOOK = /Users/linqiankai/Library/Application Support/Code/1.71.2-main.sock
# environment
MallocNanoZone = 0
# makefile
MAKEFLAGS = Rrqp
# environment
MFLAGS = -Rrqp
# automatic
*D = $(patsubst %/,%,$(dir $*))
# environment
XPC_SERVICE_NAME = application.com.microsoft.VSCode.39132459.39132465
# environment
HOMEBREW_PREFIX = /opt/homebrew
# automatic
+D = $(patsubst %/,%,$(dir $+))
# automatic
+F = $(notdir $+)
# makefile (from `Makefile', line 3)
PACKAGES = $(shell $(GO) list ./...|grep -v 'lesismal/nbio/examples')
# environment
HOMEBREW_REPOSITORY = /opt/homebrew
# environment
__CF_USER_TEXT_ENCODING = 0x1F5:0x0:0x0
# environment
COMMAND_MODE = unix2003
# default
MAKEFILES := 
# automatic
<F = $(notdir $<)
# environment
PLATFORMIO_CALLER = vscode
# environment
PAGER = less
# environment
LC_ALL = C
# automatic
^F = $(notdir $^)
# default
SUFFIXES := 
# default
.INCLUDE_DIRS = /usr/local/include
# environment
MAKELEVEL := 0
# environment
LANG = C
# environment
VSCODE_PID = 906
# variable set hash-table stats:
# Load=84/1024=8%, Rehash=0, Collisions=5/116=4%

# Pattern-specific Variable Values

# No pattern-specific variable values.

# Directories

# . (device 16777233, inode 39687498): 39 files, no impossibilities.

# 39 files, no impossibilities in 1 directories.

# Implicit Rules

# No implicit rules.

# Files

all: vet lint test
#  Phony target (prerequisite of .PHONY).
#  Command-line target.
#  Implicit rule search has not been done.
#  File does not exist.
#  File has been updated.
#  Needs to be updated (-q is set).
# variable set hash-table stats:
# Load=0/32=0%, Rehash=0, Collisions=0/7=0%

.PHONY: all vet lint all vet lint test clean autobahn
#  Implicit rule search has not been done.
#  Modification time never checked.
#  File has not been updated.

bin/reporter:
#  Implicit rule search has not been done.
#  Modification time never checked.
#  File has not been updated.
#  commands to execute (from `Makefile', line 22):
	go build -o bin/reporter ./autobahn
	

# Not a target:
.SUFFIXES:
#  Implicit rule search has not been done.
#  Modification time never checked.
#  File has not been updated.

# Not a target:
Makefile:
#  Implicit rule search has been done.
#  Last modified 2022-09-27 15:44:21
#  File has been updated.
#  Successfully updated.
# variable set hash-table stats:
# Load=0/32=0%, Rehash=0, Collisions=0/0=0%

test:
#  Phony target (prerequisite of .PHONY).
#  Implicit rule search has not been done.
#  File does not exist.
#  File has not been updated.
#  commands to execute (from `Makefile', line 15):
	$(GO) test -race -v $(PACKAGES)
	

vet:
#  Phony target (prerequisite of .PHONY).
#  Implicit rule search has not been done.
#  Implicit/static pattern stem: `'
#  File does not exist.
#  File has been updated.
#  Needs to be updated (-q is set).
# automatic
# @ := vet
# automatic
# % := 
# automatic
# * := 
# automatic
# + := 
# automatic
# | := 
# automatic
# < := 
# automatic
# ^ := 
# automatic
# ? := 
# variable set hash-table stats:
# Load=8/32=25%, Rehash=0, Collisions=3/15=20%
#  commands to execute (from `Makefile', line 9):
	$(GO) vet $(PACKAGES)
	

# Not a target:
.DEFAULT:
#  Implicit rule search has not been done.
#  Modification time never checked.
#  File has not been updated.

clean:
#  Phony target (prerequisite of .PHONY).
#  Implicit rule search has not been done.
#  File does not exist.
#  File has not been updated.
#  commands to execute (from `Makefile', line 18):
	rm -f bin/autobahn_server
	rm -fr autobahn/report/*
	

lint:
#  Phony target (prerequisite of .PHONY).
#  Implicit rule search has not been done.
#  File does not exist.
#  File has not been updated.
#  commands to execute (from `Makefile', line 12):
	golangci-lint run $(PACKAGE_DIRS)
	

autobahn: clean bin/reporter
#  Phony target (prerequisite of .PHONY).
#  Implicit rule search has not been done.
#  File does not exist.
#  File has not been updated.
#  commands to execute (from `Makefile', line 25):
	./autobahn/script/test.sh --build fuzzingclient config/client_tests.json autobahn/server -o server.test 
	bin/reporter $(PWD)/autobahn/report/output/index.json
	

# files hash-table stats:
# Load=11/1024=1%, Rehash=0, Collisions=0/40=0%
# VPATH Search Paths

# No `vpath' search paths.

# No general (`VPATH' variable) search path.

# # of strings in strcache: 1
# # of strcache buffers: 1
# strcache size: total = 4096 / max = 4096 / min = 4096 / avg = 4096
# strcache free: total = 4087 / max = 4087 / min = 4087 / avg = 4087

# Finished Make data base on Sat Oct  8 10:52:01 2022

 
